[01:53:40] [ServerMain/INFO]: [bootstrap] Running Java 21 (OpenJDK 64-Bit Server VM 21.0.8+9-Ubuntu-0ubuntu124.04.1; Ubuntu null) on Linux 6.8.0-1030-azure (amd64)
[01:53:40] [ServerMain/INFO]: [bootstrap] Loading Paper 1.21.8-6-main@782ce95 (2025-07-18T20:26:58Z) for Minecraft 1.21.8
[01:53:40] [ServerMain/INFO]: [PluginInitializerManager] Initializing plugins...
[01:53:41] [ServerMain/INFO]: [PluginInitializerManager] Initialized 0 plugins
[01:53:46] [ServerMain/INFO]: Environment: Environment[sessionHost=https://sessionserver.mojang.com, servicesHost=https://api.minecraftservices.com, name=PROD]
[01:53:48] [ServerMain/INFO]: Loaded 1407 recipes
[01:53:48] [ServerMain/INFO]: Loaded 1520 advancements
[01:53:48] [ServerMain/INFO]: [ca.spottedleaf.dataconverter.minecraft.datatypes.MCTypeRegistry] Initialising converters for DataConverter...
[01:53:49] [ServerMain/INFO]: [ca.spottedleaf.dataconverter.minecraft.datatypes.MCTypeRegistry] Finished initialising converters for DataConverter in 442.5ms
[01:53:49] [Server thread/INFO]: Starting minecraft server version 1.21.8
[01:53:49] [Server thread/INFO]: Loading properties
[01:53:49] [Server thread/INFO]: This server is running Paper version 1.21.8-6-main@782ce95 (2025-07-18T20:26:58Z) (Implementing API version 1.21.8-R0.1-SNAPSHOT)
[01:53:49] [Server thread/INFO]: [spark] This server bundles the spark profiler. For more information please visit https://docs.papermc.io/paper/profiling
[01:53:49] [Server thread/INFO]: Server Ping Player Sample Count: 12
[01:53:49] [Server thread/INFO]: Using 4 threads for Netty based IO
[01:53:50] [Server thread/INFO]: [MoonriseCommon] Paper is using 1 worker threads, 1 I/O threads
[01:53:50] [Server thread/INFO]: [ChunkTaskScheduler] Chunk system is using population gen parallelism: true
[01:53:50] [Server thread/INFO]: Default game type: SURVIVAL
[01:53:50] [Server thread/INFO]: Generating keypair
[01:53:50] [Server thread/INFO]: Starting Minecraft server on *:25565
[01:53:50] [Server thread/INFO]: Using epoll channel type
[01:53:50] [Server thread/INFO]: Paper: Using libdeflate (Linux x86_64) compression from Velocity.
[01:53:50] [Server thread/INFO]: Paper: Using OpenSSL 3.x.x (Linux x86_64) cipher from Velocity.
[01:53:50] [Server thread/INFO]: Server permissions file permissions.yml is empty, ignoring it
[01:53:50] [Server thread/WARN]: **** SERVER IS RUNNING IN OFFLINE/INSECURE MODE!
[01:53:51] [Server thread/WARN]: The server will make no attempt to authenticate usernames. Beware.
[01:53:51] [Server thread/WARN]: While this makes the game possible to play without internet access, it also opens up the ability for hackers to connect with any username they choose.
[01:53:51] [Server thread/WARN]: To change this, set "online-mode" to "true" in the server.properties file.
[01:53:51] [Server thread/INFO]: Preparing level "world"
[01:53:51] [Server thread/INFO]: Preparing start region for dimension minecraft:overworld
[01:53:51] [Server thread/INFO]: Preparing spawn area: 0%
[01:53:52] [Server thread/INFO]: Preparing spawn area: 0%
[01:53:52] [Server thread/INFO]: Preparing spawn area: 0%
[01:53:52] [Server thread/INFO]: Time elapsed: 1068 ms
[01:53:52] [Server thread/INFO]: Preparing start region for dimension minecraft:the_nether
[01:53:52] [Server thread/INFO]: Preparing spawn area: 0%
[01:53:52] [Server thread/INFO]: Time elapsed: 255 ms
[01:53:52] [Server thread/INFO]: Preparing start region for dimension minecraft:the_end
[01:53:52] [Server thread/INFO]: Preparing spawn area: 0%
[01:53:53] [Server thread/INFO]: Time elapsed: 144 ms
[01:53:53] [Server thread/INFO]: [spark] Starting background profiler...
[01:53:53] [Server thread/INFO]: Done preparing level "world" (2.541s)
[01:53:53] [Server thread/INFO]: Running delayed init tasks
[01:53:53] [Server thread/INFO]: Done (13.549s)! For help, type "help"
[01:54:08] [User Authenticator #0/INFO]: UUID of player FabiNoventero is 9211fcd9-37f7-383a-8283-f6405f81ee85
[01:54:10] [Server thread/INFO]: FabiNoventero joined the game
[01:54:10] [Server thread/INFO]: FabiNoventero[/127.120.122.146:49919] logged in with entity id 88 at ([world]23.727625529188824, 120.0, -12.866689442458448)
[01:54:29] [Server thread/INFO]: Villager Villager['Villager'/246, uuid='012f5486-1ecc-4432-b525-eeb30ac63681', l='ServerLevel[world]', x=-154.28, y=124.50, z=85.63, cpos=[-10, 5], tl=191, v=true] died, message: 'Villager suffocated in a wall'
[01:56:18] [Server thread/INFO]: Made FabiNoventero a server operator
[01:56:22] [Server thread/INFO]: FabiNoventero issued server command: /kill
[01:56:22] [Server thread/INFO]: FabiNoventero was killed
[01:56:22] [Server thread/INFO]: [FabiNoventero: Killed FabiNoventero]
[01:56:37] [Server thread/INFO]: FabiNoventero issued server command: /difficulty hard
[01:56:37] [Server thread/INFO]: [FabiNoventero: The difficulty has been set to Hard]
[01:57:37] [Server thread/INFO]: FabiNoventero lost connection: Disconnected
[01:57:37] [Server thread/INFO]: FabiNoventero left the game
[01:58:06] [Server thread/INFO]: Stopping the server
[01:58:06] [Server thread/INFO]: Stopping server
[01:58:06] [Server thread/INFO]: Saving players
[01:58:06] [Server thread/INFO]: Saving worlds
[01:58:06] [Server thread/INFO]: Saving chunks for level 'ServerLevel[world]'/minecraft:overworld
[01:58:06] [Server thread/INFO]: [ChunkHolderManager] Waiting 60s for chunk system to halt for world 'world'
[01:58:06] [Server thread/INFO]: [ChunkHolderManager] Halted chunk system for world 'world'
[01:58:06] [Server thread/INFO]: [ChunkHolderManager] Saving all chunkholders for world 'world'
[01:58:08] [Server thread/INFO]: [ChunkHolderManager] Saved 833 block chunks, 748 entity chunks, 6 poi chunks in world 'world' in 1.66s
[01:58:08] [Server thread/INFO]: [ChunkHolderManager] Waiting 60s for chunk I/O to halt for world 'world'
[01:58:08] [Server thread/INFO]: [ChunkHolderManager] Halted I/O scheduler for world 'world'
[01:58:08] [Server thread/INFO]: Saving chunks for level 'ServerLevel[world_nether]'/minecraft:the_nether
[01:58:08] [Server thread/INFO]: [ChunkHolderManager] Waiting 60s for chunk system to halt for world 'world_nether'
[01:58:08] [Server thread/INFO]: [ChunkHolderManager] Halted chunk system for world 'world_nether'
[01:58:08] [Server thread/INFO]: [ChunkHolderManager] Saving all chunkholders for world 'world_nether'
[01:58:08] [Server thread/INFO]: [ChunkHolderManager] Saved 49 block chunks, 49 entity chunks, 0 poi chunks in world 'world_nether' in 0.11s
[01:58:08] [Server thread/INFO]: [ChunkHolderManager] Waiting 60s for chunk I/O to halt for world 'world_nether'
[01:58:08] [Server thread/INFO]: [ChunkHolderManager] Halted I/O scheduler for world 'world_nether'
[01:58:08] [Server thread/INFO]: Saving chunks for level 'ServerLevel[world_the_end]'/minecraft:the_end
[01:58:08] [Server thread/INFO]: [ChunkHolderManager] Waiting 60s for chunk system to halt for world 'world_the_end'
[01:58:08] [Server thread/INFO]: [ChunkHolderManager] Halted chunk system for world 'world_the_end'
[01:58:08] [Server thread/INFO]: [ChunkHolderManager] Saving all chunkholders for world 'world_the_end'
[01:58:08] [Server thread/INFO]: [ChunkHolderManager] Saved 49 block chunks, 49 entity chunks, 0 poi chunks in world 'world_the_end' in 0.05s
[01:58:08] [Server thread/INFO]: [ChunkHolderManager] Waiting 60s for chunk I/O to halt for world 'world_the_end'
[01:58:08] [Server thread/INFO]: [ChunkHolderManager] Halted I/O scheduler for world 'world_the_end'
[01:58:08] [Server thread/INFO]: ThreadedAnvilChunkStorage (world): All chunks are saved
[01:58:08] [Server thread/INFO]: ThreadedAnvilChunkStorage (DIM-1): All chunks are saved
[01:58:08] [Server thread/INFO]: ThreadedAnvilChunkStorage (DIM1): All chunks are saved
[01:58:08] [Server thread/INFO]: ThreadedAnvilChunkStorage: All dimensions are saved
[01:58:08] [Server thread/INFO]: Waiting for all RegionFile I/O tasks to complete...
[01:58:08] [Server thread/INFO]: All RegionFile I/O tasks to complete
[01:58:08] [Server thread/INFO]: [MoonriseCommon] Awaiting termination of worker pool for up to 60s...
[01:58:08] [Server thread/INFO]: [MoonriseCommon] Awaiting termination of I/O pool for up to 60s...
